<?xml version="1.0" encoding="UTF-8"?>
<!-- Generated by org.testng.reporters.JUnitReportReporter -->
<testsuite hostname="Ashik" failures="0" tests="2" name="PageClass.parallel" time="7.453" errors="0" timestamp="2024-03-11T05:44:00 IST" skipped="0">
  <testcase classname="PageClass.parallel" name="openGoogle" time="4.223"/>
  <testcase classname="PageClass.parallel" name="openBing" time="3.230"/>
</testsuite> <!-- PageClass.parallel -->
