<?xml version="1.0" encoding="UTF-8"?>
<!-- Generated by org.testng.reporters.JUnitReportReporter -->
<testsuite hostname="Ashik" failures="0" tests="2" name="PageClass.Login" time="0.007" errors="0" timestamp="2024-03-10T19:30:15 IST" skipped="0">
  <testcase classname="PageClass.Login" name="log" time="0.003"/>
  <testcase classname="PageClass.Login" name="ll" time="0.004"/>
</testsuite> <!-- PageClass.Login -->
