<?xml version="1.0" encoding="UTF-8"?>
<!-- Generated by org.testng.reporters.JUnitReportReporter -->
<testsuite hostname="Ashik" failures="0" tests="1" name="PageClass.Hompage" time="0.006" errors="0" timestamp="2024-03-11T05:44:00 IST" skipped="0">
  <testcase classname="PageClass.Hompage" name="home" time="0.006"/>
</testsuite> <!-- PageClass.Hompage -->
